<?xml version="1.0" encoding="UTF-8"?>
<testsuite name="com.assignment1.parser.ParserTest$AcceptedTests" tests="5" skipped="0" failures="0" errors="0" timestamp="2021-05-20T13:15:33" hostname="MY-SYSTEM" time="0.1">
  <properties/>
  <testcase name="Simple input test" classname="com.assignment1.parser.ParserTest$AcceptedTests" time="0.074"/>
  <testcase name="Input with 2 words in name" classname="com.assignment1.parser.ParserTest$AcceptedTests" time="0.016"/>
  <testcase name="Input with multiple words in name" classname="com.assignment1.parser.ParserTest$AcceptedTests" time="0.002"/>
  <testcase name="Input with no explicit price option" classname="com.assignment1.parser.ParserTest$AcceptedTests" time="0.001"/>
  <testcase name="Input with no explicit quantity option" classname="com.assignment1.parser.ParserTest$AcceptedTests" time="0.003"/>
  <system-out><![CDATA[]]></system-out>
  <system-err><![CDATA[]]></system-err>
</testsuite>
